Compiled jquery-1.7.1.min-1aecd0a467919bbfb7096052b42a0c77.js  (1ms)  (pid 3588)
Compiled jquery-1.7.1.min-c52c934d3c52a8f85d0e7bca387fe5f1.js  (1ms)  (pid 3588)
Compiled jquery-1.7.1.min.js  (1ms)  (pid 3588)
Compiled jquery-ui-1.8.18.custom.css  (0ms)  (pid 3588)
Compiled jquery-ui-1.8.18.custom.min-42abf7b503965eca286a91af992d1b89.js  (0ms)  (pid 3588)
Compiled jquery-ui-1.8.18.custom.min-c73eda47ae642d81cbf4aa6899137c41.js  (1ms)  (pid 3588)
Compiled jquery-ui-1.8.18.custom.min.js  (0ms)  (pid 3588)
Compiled jquery-ui.min.js  (48ms)  (pid 3588)
Compiled jquery.min.js  (1ms)  (pid 3588)
Compiled application.js  (2ms)  (pid 3588)
Compiled jquery.js  (0ms)  (pid 3588)
Compiled jquery_ujs.js  (0ms)  (pid 3588)
Compiled jquery-ui.js  (2ms)  (pid 3588)
Compiled autocomplete-rails.js  (0ms)  (pid 3588)
Compiled application.css  (5ms)  (pid 3588)
Compiled betausers  (59ms)  (pid 3588)
Compiled betausers.css  (66ms)  (pid 3588)
Compiled bootstrap-responsive.css  (0ms)  (pid 3588)
Compiled bootstrap.css  (0ms)  (pid 3588)
Compiled categories  (0ms)  (pid 3588)
Compiled categories.css  (33ms)  (pid 3588)
Compiled application.css  (5ms)  (pid 3597)
Compiled discussion.css  (7ms)  (pid 3597)
Compiled docs.css  (0ms)  (pid 3597)
Compiled fancybox.css  (7ms)  (pid 3597)
Compiled groups.css  (0ms)  (pid 3597)
Compiled home.css  (0ms)  (pid 3597)
Compiled inbox.css  (0ms)  (pid 3597)
Compiled jquery-ui-1.8.18.custom.css  (0ms)  (pid 3597)
Compiled lightbox.css  (0ms)  (pid 3597)
Compiled mailbox.css  (0ms)  (pid 3597)
Compiled map.css  (1ms)  (pid 3597)
Compiled messages.css  (28ms)  (pid 3597)
Compiled project.css  (0ms)  (pid 3597)
Compiled questions.css  (0ms)  (pid 3597)
Compiled reset.css  (0ms)  (pid 3597)
Compiled scaffolds.css  (7ms)  (pid 3597)
Compiled sent.css  (0ms)  (pid 3597)
Compiled sessions.css  (0ms)  (pid 3597)
Compiled style.css  (0ms)  (pid 3597)
Compiled stylesheet.css  (0ms)  (pid 3597)
Compiled user.css  (0ms)  (pid 3597)
Compiled users.css  (0ms)  (pid 3597)
Compiled welcome.css  (0ms)  (pid 3597)
Compiled style.css  (0ms)  (pid 3633)
Compiled application.css  (5ms)  (pid 3633)
Compiled style.css  (0ms)  (pid 3637)
Compiled application.css  (5ms)  (pid 3637)
Compiled jquery-1.7.1.min.js  (1ms)  (pid 3713)
Compiled jquery-ui-1.8.18.custom.css  (0ms)  (pid 3713)
Compiled jquery-ui-1.8.18.custom.min.js  (1ms)  (pid 3713)
Compiled application.js  (2ms)  (pid 3713)
Compiled jquery.js  (0ms)  (pid 3713)
Compiled jquery_ujs.js  (0ms)  (pid 3713)
Compiled jquery-ui.js  (2ms)  (pid 3713)
Compiled autocomplete-rails.js  (0ms)  (pid 3713)
Compiled application.css  (6ms)  (pid 3713)
Compiled twitter/bootstrap.css  (329ms)  (pid 3713)
Compiled betausers.css  (1ms)  (pid 3713)
Compiled categories.css  (0ms)  (pid 3713)
Compiled discussion.css  (0ms)  (pid 3713)
Compiled fancybox.css  (38ms)  (pid 3713)
Compiled groups.css  (0ms)  (pid 3713)
Compiled home.css  (0ms)  (pid 3713)
Compiled inbox.css  (0ms)  (pid 3713)
Compiled jquery-ui-1.8.18.custom.css  (0ms)  (pid 3713)
Compiled lightbox.css  (0ms)  (pid 3713)
Compiled mailbox.css  (0ms)  (pid 3713)
Compiled map.css  (1ms)  (pid 3713)
Compiled messages.css  (0ms)  (pid 3713)
Compiled navbar.css  (0ms)  (pid 3713)
Compiled project.css  (0ms)  (pid 3713)
Compiled questions.css  (0ms)  (pid 3713)
Compiled scaffolds.css  (7ms)  (pid 3713)
Compiled sent.css  (0ms)  (pid 3713)
Compiled sessions.css  (0ms)  (pid 3713)
Compiled style.css  (0ms)  (pid 3713)
Compiled stylesheet.css  (0ms)  (pid 3713)
Compiled user.css  (0ms)  (pid 3713)
Compiled users.css  (0ms)  (pid 3713)
Compiled welcome.css  (0ms)  (pid 3713)
Compiled application.css  (6ms)  (pid 3935)
Compiled navbar.css  (0ms)  (pid 3935)
Compiled style.css  (0ms)  (pid 3935)
Compiled stylesheet.css  (0ms)  (pid 3935)
Compiled jquery-1.7.1.min.js  (1ms)  (pid 6857)
Compiled jquery-ui-1.8.18.custom.css  (0ms)  (pid 6857)
Compiled jquery-ui-1.8.18.custom.min.js  (1ms)  (pid 6857)
Compiled application.js  (2ms)  (pid 6857)
Compiled jquery.js  (0ms)  (pid 6857)
Compiled jquery_ujs.js  (0ms)  (pid 6857)
Compiled jquery-ui.js  (2ms)  (pid 6857)
Compiled autocomplete-rails.js  (0ms)  (pid 6857)
Compiled application.css  (6ms)  (pid 6857)
Compiled twitter/bootstrap.css  (337ms)  (pid 6857)
Compiled betausers.css  (0ms)  (pid 6857)
Compiled categories.css  (0ms)  (pid 6857)
Compiled discussion.css  (0ms)  (pid 6857)
Compiled fancybox.css  (9ms)  (pid 6857)
Compiled groups.css  (0ms)  (pid 6857)
Compiled home.css  (0ms)  (pid 6857)
Compiled inbox.css  (0ms)  (pid 6857)
Compiled jquery-ui-1.8.18.custom.css  (0ms)  (pid 6857)
Compiled lightbox.css  (0ms)  (pid 6857)
Compiled mailbox.css  (0ms)  (pid 6857)
Compiled map.css  (1ms)  (pid 6857)
Compiled messages.css  (0ms)  (pid 6857)
Compiled navbar.css  (0ms)  (pid 6857)
Compiled project.css  (0ms)  (pid 6857)
Compiled questions.css  (0ms)  (pid 6857)
Compiled scaffolds.css  (3ms)  (pid 6857)
Compiled sent.css  (0ms)  (pid 6857)
Compiled sessions.css  (0ms)  (pid 6857)
Compiled style.css  (31ms)  (pid 6857)
Compiled stylesheet.css  (0ms)  (pid 6857)
Compiled user.css  (0ms)  (pid 6857)
Compiled users.css  (0ms)  (pid 6857)
Compiled welcome.css  (0ms)  (pid 6857)
Compiled jquery-1.7.1.min.js  (1ms)  (pid 9225)
Compiled jquery-ui-1.8.18.custom.css  (0ms)  (pid 9225)
Compiled jquery-ui-1.8.18.custom.min.js  (1ms)  (pid 9225)
Compiled application.js  (2ms)  (pid 9225)
Compiled jquery.js  (0ms)  (pid 9225)
Compiled jquery_ujs.js  (0ms)  (pid 9225)
Compiled jquery-ui.js  (15ms)  (pid 9225)
Compiled autocomplete-rails.js  (0ms)  (pid 9225)
Compiled application.css  (7ms)  (pid 9225)
Compiled twitter/bootstrap.css  (411ms)  (pid 9225)
Compiled activity.css  (3ms)  (pid 9225)
Compiled betausers.css  (0ms)  (pid 9225)
Compiled categories.css  (0ms)  (pid 9225)
Compiled discussion.css  (0ms)  (pid 9225)
Compiled fancybox.css  (9ms)  (pid 9225)
Compiled groups.css  (0ms)  (pid 9225)
Compiled home.css  (0ms)  (pid 9225)
Compiled inbox.css  (0ms)  (pid 9225)
Compiled jquery-ui-1.8.18.custom.css  (0ms)  (pid 9225)
Compiled lightbox.css  (0ms)  (pid 9225)
Compiled mailbox.css  (0ms)  (pid 9225)
Compiled map.css  (0ms)  (pid 9225)
Compiled messages.css  (0ms)  (pid 9225)
Compiled navbar.css  (0ms)  (pid 9225)
Compiled project.css  (0ms)  (pid 9225)
Compiled questions.css  (3ms)  (pid 9225)
Compiled scaffolds.css  (3ms)  (pid 9225)
Compiled sent.css  (0ms)  (pid 9225)
Compiled sessions.css  (0ms)  (pid 9225)
Compiled style.css  (0ms)  (pid 9225)
Compiled stylesheet.css  (0ms)  (pid 9225)
Compiled user.css  (0ms)  (pid 9225)
Compiled users.css  (0ms)  (pid 9225)
Compiled welcome.css  (0ms)  (pid 9225)
Compiled jquery-1.7.1.min.js  (1ms)  (pid 11774)
Compiled jquery-ui-1.8.18.custom.css  (0ms)  (pid 11774)
Compiled jquery-ui-1.8.18.custom.min.js  (1ms)  (pid 11774)
Compiled application.js  (2ms)  (pid 11774)
Compiled jquery.js  (0ms)  (pid 11774)
Compiled jquery_ujs.js  (0ms)  (pid 11774)
Compiled jquery-ui.js  (2ms)  (pid 11774)
Compiled autocomplete-rails.js  (0ms)  (pid 11774)
Compiled application.css  (6ms)  (pid 11774)
Compiled twitter/bootstrap.css  (455ms)  (pid 11774)
Compiled activity.css  (3ms)  (pid 11774)
Compiled betausers.css  (0ms)  (pid 11774)
Compiled categories.css  (0ms)  (pid 11774)
Compiled discussion.css  (0ms)  (pid 11774)
Compiled fancybox.css  (8ms)  (pid 11774)
Compiled groups.css  (0ms)  (pid 11774)
Compiled home.css  (0ms)  (pid 11774)
Compiled inbox.css  (0ms)  (pid 11774)
Compiled jquery-ui-1.8.18.custom.css  (0ms)  (pid 11774)
Compiled lightbox.css  (0ms)  (pid 11774)
Compiled mailbox.css  (0ms)  (pid 11774)
Compiled map.css  (1ms)  (pid 11774)
Compiled messages.css  (0ms)  (pid 11774)
Compiled navbar.css  (0ms)  (pid 11774)
Compiled project.css  (0ms)  (pid 11774)
Compiled questions.css  (11ms)  (pid 11774)
Compiled scaffolds.css  (3ms)  (pid 11774)
Compiled sent.css  (0ms)  (pid 11774)
Compiled sessions.css  (0ms)  (pid 11774)
Compiled style.css  (0ms)  (pid 11774)
Compiled stylesheet.css  (0ms)  (pid 11774)
Compiled user.css  (0ms)  (pid 11774)
Compiled users.css  (0ms)  (pid 11774)
Compiled welcome.css  (0ms)  (pid 11774)
